
> resume-builder@0.1.0 build
> next build

▲ Next.js 16.1.4 (Turbopack)
- Environments: .env
- Experiments (use with caution):
  · cpus: 1
  · staticGenerationMaxConcurrency: 1
  · staticGenerationMinPagesPerWorker: 1000
  · staticGenerationRetryCount: 1
  ✓ webpackMemoryOptimizations

  Creating an optimized production build ...
✓ Compiled successfully in 28.3s
  Running TypeScript ...
  Collecting page data using 1 worker ...
  Generating static pages using 1 worker (0/48) ...
  Generating static pages using 1 worker (12/48) 
  Generating static pages using 1 worker (24/48) 
  Generating static pages using 1 worker (36/48) 
✓ Generating static pages using 1 worker (48/48) in 1477.6ms
  Finalizing page optimization ...

Route (app)
┌ ƒ /
├ ○ /_not-found
├ ○ /about
├ ƒ /about/careers
├ ○ /about/press
├ ○ /about/story
├ ○ /ai-resume-optimizer
├ ƒ /api/ai/ats-check
├ ƒ /api/ai/job-url
├ ƒ /api/ai/parse
├ ƒ /api/ai/parse-cover-letter
├ ƒ /api/ai/rewrite
├ ƒ /api/ai/suggestions/responsibilities
├ ƒ /api/ai/suggestions/skills
├ ƒ /api/ai/summary
├ ƒ /api/ai/tailor
├ ƒ /api/app-download-links
├ ƒ /api/auth/[...nextauth]
├ ƒ /api/auth/register
├ ƒ /api/bank-transfer/receipt
├ ƒ /api/bank-transfer/receipts
├ ƒ /api/bank-transfer/settings
├ ƒ /api/contact-us
├ ƒ /api/cvs
├ ƒ /api/cvs/[id]
├ ƒ /api/extract-pdf-text
├ ƒ /api/generate-pdf
├ ƒ /api/market-value
├ ƒ /api/market-value/[id]
├ ƒ /api/payment/settings
├ ƒ /api/paypal/checkout
├ ƒ /api/paypal/confirm
├ ƒ /api/resumes
├ ƒ /api/resumes/[id]
├ ƒ /api/site/settings
├ ƒ /api/stripe/checkout
├ ƒ /api/stripe/confirm
├ ƒ /api/stripe/portal
├ ƒ /api/stripe/webhook
├ ƒ /api/subscription-packages
├ ƒ /api/templates/[templateId]
├ ƒ /api/templates/categories
├ ƒ /api/templates/list
├ ƒ /api/test-templates
├ ƒ /api/user/subscription
├ ƒ /api/user/update
├ ƒ /api/user/upgrade
├ ○ /ats-checker
├ ○ /billing/receipts
├ ƒ /career-blog
├ ƒ /career-blog/[slug]
├ ƒ /career-blog/category/[slug]
├ ƒ /career-blog/tag/[slug]
├ ○ /career-management
├ ○ /choose-builder
├ ○ /contact
├ ƒ /cover-letter/[id]
├ ○ /cover-letter/new
├ ○ /cover-letter/start
├ ○ /cover-letter/templates
├ ƒ /cv/[id]
├ ○ /cv/new
├ ○ /cv/start
├ ƒ /dashboard
├ ○ /editor
├ ○ /login
├ ƒ /pricing
├ ○ /privacy-policy
├ ○ /refund-policy
├ ƒ /reports/[id]
├ ○ /resume-preview
├ ƒ /resume/[id]
├ ○ /resume/new
├ ○ /resume/start
├ ○ /robots.txt
├ ƒ /shared/[id]
├ ○ /signup
├ ƒ /sitemap.xml
├ ○ /templates
├ ƒ /templates/[category]
└ ○ /terms-of-service


ƒ Proxy (Middleware)

○  (Static)   prerendered as static content
ƒ  (Dynamic)  server-rendered on demand

